#
# A fatal error has been detected by the Java Runtime Environment:
#
#  EXCEPTION_ACCESS_VIOLATION (0xc0000005) at pc=0x00007ffb06986407, pid=17540, tid=19596
#
# JRE version: OpenJDK Runtime Environment Temurin-17.0.6+10 (17.0.6+10) (build 17.0.6+10)
# Java VM: OpenJDK 64-Bit Server VM Temurin-17.0.6+10 (17.0.6+10, mixed mode, sharing, tiered, compressed oops, compressed class ptrs, g1 gc, windows-amd64)
# Problematic frame:
# C  [glass.dll+0x26407]
#
# No core dump will be written. Minidumps are not enabled by default on client versions of Windows
#
# If you would like to submit a bug report, please visit:
#   https://github.com/adoptium/adoptium-support/issues
#

---------------  S U M M A R Y ------------

Command Line: -XX:+ShowCodeDetailsInExceptionMessages Main

Host: AMD Ryzen 5 5600H with Radeon Graphics         , 12 cores, 13G,  Windows 10 , 64 bit Build 19041 (10.0.19041.2913)
Time: Fri May 19 00:32:58 2023 Egypt Summer Time elapsed time: 8.890888 seconds (0d 0h 0m 8s)

---------------  T H R E A D  ---------------

Current thread (0x000001b179941460):  VMThread "VM Thread" [stack: 0x0000006522600000,0x0000006522700000] [id=19596]

Stack: [0x0000006522600000,0x0000006522700000],  sp=0x00000065226ff440,  free space=1021k
Native frames: (J=compiled Java code, j=interpreted, Vv=VM code, C=native code)
C  [glass.dll+0x26407]


siginfo: EXCEPTION_ACCESS_VIOLATION (0xc0000005), reading address 0x0000000000000000


Register to memory mapping:

RIP=0x00007ffb06986407 glass.dll
RAX=0x0 is NULL
RBX=0x000001b17994e670 is a global jni handle
RCX=0x000001b179941460 points into unknown readable memory: 0x00007ffae19eb8a0 | a0 b8 9e e1 fa 7f 00 00
RDX=0x00000065226ff440 points into unknown readable memory: 0x0000000000000000 | 00 00 00 00 00 00 00 00
RSP=0x00000065226ff440 points into unknown readable memory: 0x0000000000000000 | 00 00 00 00 00 00 00 00
RBP=0x000001b17a98e0e8 points into unknown readable memory: 0x00006454514a4558 | 58 45 4a 51 54 64 00 00
RSI=0x000001b17a98e0c0 points into unknown readable memory: 0xfb06fc6c094a4527 | 27 45 4a 09 6c fc 06 fb
RDI=0x00006454514a4558 is an unknown value
R8 =0x0000000000010002 is an unknown value
R9 =0x00006454514a4558 is an unknown value
R10=0x0000000000008000 is an unknown value
R11=0x00000065226ff3d0 points into unknown readable memory: 0x000001b17a98e0c0 | c0 e0 98 7a b1 01 00 00
R12=0x00007ffb06983d40 glass.dll
R13=0x00007ffae1ba44e0 jvm.dll
R14=0x00000065226ff538 points into unknown readable memory: 0x00000065226ff520 | 20 f5 6f 22 65 00 00 00
R15=0x000001b17a98e0c0 points into unknown readable memory: 0xfb06fc6c094a4527 | 27 45 4a 09 6c fc 06 fb


Registers:
RAX=0x0000000000000000, RBX=0x000001b17994e670, RCX=0x000001b179941460, RDX=0x00000065226ff440
RSP=0x00000065226ff440, RBP=0x000001b17a98e0e8, RSI=0x000001b17a98e0c0, RDI=0x00006454514a4558
R8 =0x0000000000010002, R9 =0x00006454514a4558, R10=0x0000000000008000, R11=0x00000065226ff3d0
R12=0x00007ffb06983d40, R13=0x00007ffae1ba44e0, R14=0x00000065226ff538, R15=0x000001b17a98e0c0
RIP=0x00007ffb06986407, EFLAGS=0x0000000000010202

Top of Stack: (sp=0x00000065226ff440)
0x00000065226ff440:   0000000000000000 000001b17a98e0c0
0x00000065226ff450:   00007ffae1ba44e0 00007ffb06983d40
0x00000065226ff460:   000001b17a98e0c8 00007ffb3f8d42d6
0x00000065226ff470:   00006454514a4558 000001b100000000
0x00000065226ff480:   000001b17a98e0e8 000001b17a98e0c0
0x00000065226ff490:   fffffffffffffffe 0000000000000000
0x00000065226ff4a0:   0000000000000001 00007ffb06960000
0x00000065226ff4b0:   00000065226ff528 00007ffb3f8d41fb
0x00000065226ff4c0:   0000000000000000 00000065226ff538
0x00000065226ff4d0:   00000065226ff800 00007ffb3f9b0e40
0x00000065226ff4e0:   0000000000000001 00007ffb3f8d41b4
0x00000065226ff4f0:   0000000000000000 0000000000000001
0x00000065226ff500:   0000000000000000 00000065226ff528
0x00000065226ff510:   0000000000000001 00007ffb06983bcd
0x00000065226ff520:   00007ffb06999f88 00007ffb00000002
0x00000065226ff530:   0000000000000002 00000065226ff520 

Instructions: (pc=0x00007ffb06986407)
0x00007ffb06986307:   8b 4d 58 e8 7d cf ff ff 48 8b 4d 60 e8 74 cf ff
0x00007ffb06986317:   ff 48 8b 95 80 00 00 00 48 8b 8d 18 01 00 00 e8
0x00007ffb06986327:   66 c4 ff ff 33 d2 33 c9 e8 bc e1 ff ff 90 48 89
0x00007ffb06986337:   54 24 10 55 48 83 ec 20 48 8b ea 48 b8 00 00 00
0x00007ffb06986347:   00 00 00 00 00 48 83 c4 20 5d c3 cc 40 55 48 8b
0x00007ffb06986357:   ea 48 8b 01 33 c9 81 38 05 00 00 c0 0f 94 c1 8b
0x00007ffb06986367:   c1 5d c3 cc 40 55 48 83 ec 20 48 8b ea 8a 4d 40
0x00007ffb06986377:   48 83 c4 20 5d e9 63 d3 ff ff cc 40 55 48 83 ec
0x00007ffb06986387:   20 48 8b ea 8a 4d 20 e8 51 d3 ff ff 90 48 83 c4
0x00007ffb06986397:   20 5d c3 cc 40 55 48 83 ec 20 48 8b ea 48 83 c4
0x00007ffb069863a7:   20 5d e9 b2 d1 ff ff cc 40 55 48 83 ec 30 48 8b
0x00007ffb069863b7:   ea 48 8b 01 8b 10 48 89 4c 24 28 89 54 24 20 4c
0x00007ffb069863c7:   8d 0d 53 d6 ff ff 4c 8b 45 70 8b 55 68 48 8b 4d
0x00007ffb069863d7:   60 e8 f3 d0 ff ff 90 48 83 c4 30 5d c3 cc cc cc
0x00007ffb069863e7:   cc cc cc cc cc cc cc cc cc 40 53 48 83 ec 20 48
0x00007ffb069863f7:   8b 1d 8b 35 01 00 48 85 db 74 16 e8 79 8b ff ff
0x00007ffb06986407:   4c 8b 00 48 8b d3 48 8b c8 41 ff 90 b0 00 00 00
0x00007ffb06986417:   90 48 83 c4 20 5b c3 cc cc 40 53 48 83 ec 20 48
0x00007ffb06986427:   8b 1d fb 36 01 00 48 85 db 74 57 b8 ff ff ff ff
0x00007ffb06986437:   f0 0f c1 43 10 83 f8 01 75 3d 48 85 db 74 38 48
0x00007ffb06986447:   8b 0b 48 85 c9 74 0d ff 15 54 0e 00 00 48 c7 03
0x00007ffb06986457:   00 00 00 00 48 8b 4b 08 48 85 c9 74 0d e8 23 ce
0x00007ffb06986467:   ff ff 48 c7 43 08 00 00 00 00 ba 18 00 00 00 48
0x00007ffb06986477:   8b cb e8 0e ce ff ff 48 c7 05 9f 36 01 00 00 00
0x00007ffb06986487:   00 00 48 83 c4 20 5b c3 cc 40 53 48 83 ec 20 48
0x00007ffb06986497:   8b 1d 6b 36 01 00 48 85 db 74 57 b8 ff ff ff ff
0x00007ffb069864a7:   f0 0f c1 43 10 83 f8 01 75 3d 48 85 db 74 38 48
0x00007ffb069864b7:   8b 0b 48 85 c9 74 0d ff 15 e4 0d 00 00 48 c7 03
0x00007ffb069864c7:   00 00 00 00 48 8b 4b 08 48 85 c9 74 0d e8 b3 cd
0x00007ffb069864d7:   ff ff 48 c7 43 08 00 00 00 00 ba 18 00 00 00 48
0x00007ffb069864e7:   8b cb e8 9e cd ff ff 48 c7 05 0f 36 01 00 00 00
0x00007ffb069864f7:   00 00 48 83 c4 20 5b c3 cc 40 53 48 83 ec 20 48 


Stack slot to memory mapping:
stack at sp + 0 slots: 0x0 is NULL
stack at sp + 1 slots: 0x000001b17a98e0c0 points into unknown readable memory: 0xfb06fc6c094a4527 | 27 45 4a 09 6c fc 06 fb
stack at sp + 2 slots: 0x00007ffae1ba44e0 jvm.dll
stack at sp + 3 slots: 0x00007ffb06983d40 glass.dll
stack at sp + 4 slots: 0x000001b17a98e0c8 points into unknown readable memory: 0x00006454514a4558 | 58 45 4a 51 54 64 00 00
stack at sp + 5 slots: 0x00007ffb3f8d42d6 ucrtbase.dll
stack at sp + 6 slots: 0x00006454514a4558 is an unknown value
stack at sp + 7 slots: 0x000001b100000000 points into unknown readable memory: 0x0000000000000000 | 00 00 00 00 00 00 00 00

VM_Operation (0x00000065239fa530): Exit, mode: safepoint, requested by thread 0x000001b17a9a5710


---------------  P R O C E S S  ---------------

Threads class SMR info:
_java_thread_list=0x000001b17af59d10, length=19, elements={
0x000001b15790bfc0, 0x000001b1799471a0, 0x000001b179948530, 0x000001b1799604d0,
0x000001b179962ea0, 0x000001b179963f00, 0x000001b179964f60, 0x000001b179966210,
0x000001b179966f20, 0x000001b179974e50, 0x000001b17a5099f0, 0x000001b17a512f50,
0x000001b17a60a9e0, 0x000001b17a7f8650, 0x000001b17a9a2e20, 0x000001b17a9a5710,
0x000001b17ae63450, 0x000001b17af01e20, 0x000001b17af022f0
}

Java Threads: ( => current thread )
  0x000001b15790bfc0 JavaThread "main" [_thread_blocked, id=24640, stack(0x0000006522000000,0x0000006522100000)]
  0x000001b1799471a0 JavaThread "Reference Handler" daemon [_thread_blocked, id=25336, stack(0x0000006522700000,0x0000006522800000)]
  0x000001b179948530 JavaThread "Finalizer" daemon [_thread_blocked, id=22628, stack(0x0000006522800000,0x0000006522900000)]
  0x000001b1799604d0 JavaThread "Signal Dispatcher" daemon [_thread_blocked, id=22636, stack(0x0000006522900000,0x0000006522a00000)]
  0x000001b179962ea0 JavaThread "Attach Listener" daemon [_thread_blocked, id=22452, stack(0x0000006522a00000,0x0000006522b00000)]
  0x000001b179963f00 JavaThread "Service Thread" daemon [_thread_blocked, id=4128, stack(0x0000006522b00000,0x0000006522c00000)]
  0x000001b179964f60 JavaThread "Monitor Deflation Thread" daemon [_thread_blocked, id=18516, stack(0x0000006522c00000,0x0000006522d00000)]
  0x000001b179966210 JavaThread "C2 CompilerThread0" daemon [_thread_blocked, id=21684, stack(0x0000006522d00000,0x0000006522e00000)]
  0x000001b179966f20 JavaThread "C1 CompilerThread0" daemon [_thread_blocked, id=18460, stack(0x0000006522e00000,0x0000006522f00000)]
  0x000001b179974e50 JavaThread "Sweeper thread" daemon [_thread_blocked, id=20284, stack(0x0000006522f00000,0x0000006523000000)]
  0x000001b17a5099f0 JavaThread "Notification Thread" daemon [_thread_blocked, id=25124, stack(0x0000006523000000,0x0000006523100000)]
  0x000001b17a512f50 JavaThread "Common-Cleaner" daemon [_thread_blocked, id=16792, stack(0x0000006523200000,0x0000006523300000)]
  0x000001b17a60a9e0 JavaThread "JavaFX-Launcher" [_thread_blocked, id=14680, stack(0x0000006523300000,0x0000006523400000)]
  0x000001b17a7f8650 JavaThread "QuantumRenderer-0" daemon [_thread_blocked, id=23352, stack(0x0000006523500000,0x0000006523600000)]
  0x000001b17a9a2e20 JavaThread "InvokeLaterDispatcher" daemon [_thread_blocked, id=6688, stack(0x0000006523800000,0x0000006523900000)]
  0x000001b17a9a5710 JavaThread "JavaFX Application Thread" [_thread_blocked, id=20792, stack(0x0000006523900000,0x0000006523a00000)]
  0x000001b17ae63450 JavaThread "Thread-2" daemon [_thread_in_native, id=10332, stack(0x0000006524200000,0x0000006524300000)]
  0x000001b17af01e20 JavaThread "Prism Font Disposer" daemon [_thread_blocked, id=24872, stack(0x0000006524a00000,0x0000006524b00000)]
  0x000001b17af022f0 JavaThread "Cleaner-0" daemon [_thread_blocked, id=23920, stack(0x0000006524b00000,0x0000006524c00000)]

Other Threads:
=>0x000001b179941460 VMThread "VM Thread" [stack: 0x0000006522600000,0x0000006522700000] [id=19596]
  0x000001b157971450 GCTaskThread "GC Thread#0" [stack: 0x0000006522100000,0x0000006522200000] [id=2800]
  0x000001b17af3e850 GCTaskThread "GC Thread#1" [stack: 0x0000006524300000,0x0000006524400000] [id=4688]
  0x000001b100581760 GCTaskThread "GC Thread#2" [stack: 0x0000006524400000,0x0000006524500000] [id=7348]
  0x000001b1004785f0 GCTaskThread "GC Thread#3" [stack: 0x0000006524500000,0x0000006524600000] [id=23428]
  0x000001b17af5a190 GCTaskThread "GC Thread#4" [stack: 0x0000006524600000,0x0000006524700000] [id=10400]
  0x000001b1006a91a0 GCTaskThread "GC Thread#5" [stack: 0x0000006524700000,0x0000006524800000] [id=14868]
  0x000001b1006a8430 GCTaskThread "GC Thread#6" [stack: 0x0000006524800000,0x0000006524900000] [id=21272]
  0x000001b157980150 ConcurrentGCThread "G1 Main Marker" terminated
  0x000001b157981300 ConcurrentGCThread "G1 Conc#0" [stack: 0x0000006522300000,0x0000006522400000] [id=25392]
  0x000001b1798020c0 ConcurrentGCThread "G1 Refine#0" terminated
  0x000001b179802ae0 ConcurrentGCThread "G1 Service" terminated

Threads with active compile tasks:

VM state: at safepoint (shutting down)

VM Mutex/Monitor currently owned by a thread:  ([mutex/lock_event])
[0x000001b157905fa0] Threads_lock - owner thread: 0x000001b179941460
[0x000001b157906930] Heap_lock - owner thread: 0x000001b17a9a5710

Heap address: 0x0000000722400000, size: 3548 MB, Compressed Oops mode: Zero based, Oop shift amount: 3

CDS archive(s) mapped at: [0x0000000800000000-0x0000000800bc0000-0x0000000800bc0000), size 12320768, SharedBaseAddress: 0x0000000800000000, ArchiveRelocationMode: 0.
Compressed class space mapped at: 0x0000000800c00000-0x0000000840c00000, reserved size: 1073741824
Narrow klass base: 0x0000000800000000, Narrow klass shift: 0, Narrow klass range: 0x100000000

GC Precious Log:
 CPUs: 12 total, 12 available
 Memory: 14188M
 Large Page Support: Disabled
 NUMA Support: Disabled
 Compressed Oops: Enabled (Zero based)
 Heap Region Size: 2M
 Heap Min Capacity: 8M
 Heap Initial Capacity: 222M
 Heap Max Capacity: 3548M
 Pre-touch: Disabled
 Parallel Workers: 10
 Concurrent Workers: 3
 Concurrent Refinement Workers: 10
 Periodic GC: Disabled

Heap:
 garbage-first heap   total 227328K, used 27322K [0x0000000722400000, 0x0000000800000000)
  region size 2048K, 14 young (28672K), 2 survivors (4096K)
 Metaspace       used 14114K, committed 14336K, reserved 1064960K
  class space    used 2217K, committed 2304K, reserved 1048576K

Heap Regions: E=young(eden), S=young(survivor), O=old, HS=humongous(starts), HC=humongous(continues), CS=collection set, F=free, OA=open archive, CA=closed archive, TAMS=top-at-mark-start (previous, next)
|   0|0x0000000722400000, 0x00000007224ae800, 0x0000000722600000| 34%| O|  |TAMS 0x0000000722400000, 0x0000000722400000| Untracked 
|   1|0x0000000722600000, 0x0000000722800000, 0x0000000722800000|100%|HS|  |TAMS 0x0000000722600000, 0x0000000722600000| Complete 
|   2|0x0000000722800000, 0x0000000722800000, 0x0000000722a00000|  0%| F|  |TAMS 0x0000000722800000, 0x0000000722800000| Untracked 
|   3|0x0000000722a00000, 0x0000000722a00000, 0x0000000722c00000|  0%| F|  |TAMS 0x0000000722a00000, 0x0000000722a00000| Untracked 
|   4|0x0000000722c00000, 0x0000000722c00000, 0x0000000722e00000|  0%| F|  |TAMS 0x0000000722c00000, 0x0000000722c00000| Untracked 
|   5|0x0000000722e00000, 0x0000000722e00000, 0x0000000723000000|  0%| F|  |TAMS 0x0000000722e00000, 0x0000000722e00000| Untracked 
|   6|0x0000000723000000, 0x0000000723000000, 0x0000000723200000|  0%| F|  |TAMS 0x0000000723000000, 0x0000000723000000| Untracked 
|   7|0x0000000723200000, 0x0000000723200000, 0x0000000723400000|  0%| F|  |TAMS 0x0000000723200000, 0x0000000723200000| Untracked 
|   8|0x0000000723400000, 0x0000000723400000, 0x0000000723600000|  0%| F|  |TAMS 0x0000000723400000, 0x0000000723400000| Untracked 
|   9|0x0000000723600000, 0x0000000723600000, 0x0000000723800000|  0%| F|  |TAMS 0x0000000723600000, 0x0000000723600000| Untracked 
|  10|0x0000000723800000, 0x0000000723800000, 0x0000000723a00000|  0%| F|  |TAMS 0x0000000723800000, 0x0000000723800000| Untracked 
|  11|0x0000000723a00000, 0x0000000723a00000, 0x0000000723c00000|  0%| F|  |TAMS 0x0000000723a00000, 0x0000000723a00000| Untracked 
|  12|0x0000000723c00000, 0x0000000723c00000, 0x0000000723e00000|  0%| F|  |TAMS 0x0000000723c00000, 0x0000000723c00000| Untracked 
|  13|0x0000000723e00000, 0x0000000723e00000, 0x0000000724000000|  0%| F|  |TAMS 0x0000000723e00000, 0x0000000723e00000| Untracked 
|  14|0x0000000724000000, 0x0000000724000000, 0x0000000724200000|  0%| F|  |TAMS 0x0000000724000000, 0x0000000724000000| Untracked 
|  15|0x0000000724200000, 0x0000000724200000, 0x0000000724400000|  0%| F|  |TAMS 0x0000000724200000, 0x0000000724200000| Untracked 
|  16|0x0000000724400000, 0x0000000724400000, 0x0000000724600000|  0%| F|  |TAMS 0x0000000724400000, 0x0000000724400000| Untracked 
|  17|0x0000000724600000, 0x0000000724600000, 0x0000000724800000|  0%| F|  |TAMS 0x0000000724600000, 0x0000000724600000| Untracked 
|  18|0x0000000724800000, 0x0000000724800000, 0x0000000724a00000|  0%| F|  |TAMS 0x0000000724800000, 0x0000000724800000| Untracked 
|  19|0x0000000724a00000, 0x0000000724a00000, 0x0000000724c00000|  0%| F|  |TAMS 0x0000000724a00000, 0x0000000724a00000| Untracked 
|  20|0x0000000724c00000, 0x0000000724c00000, 0x0000000724e00000|  0%| F|  |TAMS 0x0000000724c00000, 0x0000000724c00000| Untracked 
|  21|0x0000000724e00000, 0x0000000724e00000, 0x0000000725000000|  0%| F|  |TAMS 0x0000000724e00000, 0x0000000724e00000| Untracked 
|  22|0x0000000725000000, 0x0000000725000000, 0x0000000725200000|  0%| F|  |TAMS 0x0000000725000000, 0x0000000725000000| Untracked 
|  23|0x0000000725200000, 0x0000000725200000, 0x0000000725400000|  0%| F|  |TAMS 0x0000000725200000, 0x0000000725200000| Untracked 
|  24|0x0000000725400000, 0x0000000725400000, 0x0000000725600000|  0%| F|  |TAMS 0x0000000725400000, 0x0000000725400000| Untracked 
|  25|0x0000000725600000, 0x0000000725600000, 0x0000000725800000|  0%| F|  |TAMS 0x0000000725600000, 0x0000000725600000| Untracked 
|  26|0x0000000725800000, 0x0000000725800000, 0x0000000725a00000|  0%| F|  |TAMS 0x0000000725800000, 0x0000000725800000| Untracked 
|  27|0x0000000725a00000, 0x0000000725a00000, 0x0000000725c00000|  0%| F|  |TAMS 0x0000000725a00000, 0x0000000725a00000| Untracked 
|  28|0x0000000725c00000, 0x0000000725c00000, 0x0000000725e00000|  0%| F|  |TAMS 0x0000000725c00000, 0x0000000725c00000| Untracked 
|  29|0x0000000725e00000, 0x0000000725e00000, 0x0000000726000000|  0%| F|  |TAMS 0x0000000725e00000, 0x0000000725e00000| Untracked 
|  30|0x0000000726000000, 0x0000000726000000, 0x0000000726200000|  0%| F|  |TAMS 0x0000000726000000, 0x0000000726000000| Untracked 
|  31|0x0000000726200000, 0x0000000726200000, 0x0000000726400000|  0%| F|  |TAMS 0x0000000726200000, 0x0000000726200000| Untracked 
|  32|0x0000000726400000, 0x0000000726400000, 0x0000000726600000|  0%| F|  |TAMS 0x0000000726400000, 0x0000000726400000| Untracked 
|  33|0x0000000726600000, 0x0000000726600000, 0x0000000726800000|  0%| F|  |TAMS 0x0000000726600000, 0x0000000726600000| Untracked 
|  34|0x0000000726800000, 0x0000000726800000, 0x0000000726a00000|  0%| F|  |TAMS 0x0000000726800000, 0x0000000726800000| Untracked 
|  35|0x0000000726a00000, 0x0000000726a00000, 0x0000000726c00000|  0%| F|  |TAMS 0x0000000726a00000, 0x0000000726a00000| Untracked 
|  36|0x0000000726c00000, 0x0000000726c00000, 0x0000000726e00000|  0%| F|  |TAMS 0x0000000726c00000, 0x0000000726c00000| Untracked 
|  37|0x0000000726e00000, 0x0000000726e00000, 0x0000000727000000|  0%| F|  |TAMS 0x0000000726e00000, 0x0000000726e00000| Untracked 
|  38|0x0000000727000000, 0x0000000727000000, 0x0000000727200000|  0%| F|  |TAMS 0x0000000727000000, 0x0000000727000000| Untracked 
|  39|0x0000000727200000, 0x0000000727200000, 0x0000000727400000|  0%| F|  |TAMS 0x0000000727200000, 0x0000000727200000| Untracked 
|  40|0x0000000727400000, 0x0000000727400000, 0x0000000727600000|  0%| F|  |TAMS 0x0000000727400000, 0x0000000727400000| Untracked 
|  41|0x0000000727600000, 0x0000000727600000, 0x0000000727800000|  0%| F|  |TAMS 0x0000000727600000, 0x0000000727600000| Untracked 
|  42|0x0000000727800000, 0x0000000727800000, 0x0000000727a00000|  0%| F|  |TAMS 0x0000000727800000, 0x0000000727800000| Untracked 
|  43|0x0000000727a00000, 0x0000000727a00000, 0x0000000727c00000|  0%| F|  |TAMS 0x0000000727a00000, 0x0000000727a00000| Untracked 
|  44|0x0000000727c00000, 0x0000000727c00000, 0x0000000727e00000|  0%| F|  |TAMS 0x0000000727c00000, 0x0000000727c00000| Untracked 
|  45|0x0000000727e00000, 0x0000000727e00000, 0x0000000728000000|  0%| F|  |TAMS 0x0000000727e00000, 0x0000000727e00000| Untracked 
|  46|0x0000000728000000, 0x0000000728000000, 0x0000000728200000|  0%| F|  |TAMS 0x0000000728000000, 0x0000000728000000| Untracked 
|  47|0x0000000728200000, 0x0000000728200000, 0x0000000728400000|  0%| F|  |TAMS 0x0000000728200000, 0x0000000728200000| Untracked 
|  48|0x0000000728400000, 0x0000000728400000, 0x0000000728600000|  0%| F|  |TAMS 0x0000000728400000, 0x0000000728400000| Untracked 
|  49|0x0000000728600000, 0x0000000728600000, 0x0000000728800000|  0%| F|  |TAMS 0x0000000728600000, 0x0000000728600000| Untracked 
|  50|0x0000000728800000, 0x0000000728800000, 0x0000000728a00000|  0%| F|  |TAMS 0x0000000728800000, 0x0000000728800000| Untracked 
|  51|0x0000000728a00000, 0x0000000728a00000, 0x0000000728c00000|  0%| F|  |TAMS 0x0000000728a00000, 0x0000000728a00000| Untracked 
|  52|0x0000000728c00000, 0x0000000728c00000, 0x0000000728e00000|  0%| F|  |TAMS 0x0000000728c00000, 0x0000000728c00000| Untracked 
|  53|0x0000000728e00000, 0x0000000728e00000, 0x0000000729000000|  0%| F|  |TAMS 0x0000000728e00000, 0x0000000728e00000| Untracked 
|  54|0x0000000729000000, 0x0000000729000000, 0x0000000729200000|  0%| F|  |TAMS 0x0000000729000000, 0x0000000729000000| Untracked 
|  55|0x0000000729200000, 0x0000000729200000, 0x0000000729400000|  0%| F|  |TAMS 0x0000000729200000, 0x0000000729200000| Untracked 
|  56|0x0000000729400000, 0x0000000729400000, 0x0000000729600000|  0%| F|  |TAMS 0x0000000729400000, 0x0000000729400000| Untracked 
|  57|0x0000000729600000, 0x0000000729600000, 0x0000000729800000|  0%| F|  |TAMS 0x0000000729600000, 0x0000000729600000| Untracked 
|  58|0x0000000729800000, 0x0000000729800000, 0x0000000729a00000|  0%| F|  |TAMS 0x0000000729800000, 0x0000000729800000| Untracked 
|  59|0x0000000729a00000, 0x0000000729a00000, 0x0000000729c00000|  0%| F|  |TAMS 0x0000000729a00000, 0x0000000729a00000| Untracked 
|  60|0x0000000729c00000, 0x0000000729c00000, 0x0000000729e00000|  0%| F|  |TAMS 0x0000000729c00000, 0x0000000729c00000| Untracked 
|  61|0x0000000729e00000, 0x0000000729e00000, 0x000000072a000000|  0%| F|  |TAMS 0x0000000729e00000, 0x0000000729e00000| Untracked 
|  62|0x000000072a000000, 0x000000072a000000, 0x000000072a200000|  0%| F|  |TAMS 0x000000072a000000, 0x000000072a000000| Untracked 
|  63|0x000000072a200000, 0x000000072a200000, 0x000000072a400000|  0%| F|  |TAMS 0x000000072a200000, 0x000000072a200000| Untracked 
|  64|0x000000072a400000, 0x000000072a400000, 0x000000072a600000|  0%| F|  |TAMS 0x000000072a400000, 0x000000072a400000| Untracked 
|  65|0x000000072a600000, 0x000000072a600000, 0x000000072a800000|  0%| F|  |TAMS 0x000000072a600000, 0x000000072a600000| Untracked 
|  66|0x000000072a800000, 0x000000072a800000, 0x000000072aa00000|  0%| F|  |TAMS 0x000000072a800000, 0x000000072a800000| Untracked 
|  67|0x000000072aa00000, 0x000000072aa00000, 0x000000072ac00000|  0%| F|  |TAMS 0x000000072aa00000, 0x000000072aa00000| Untracked 
|  68|0x000000072ac00000, 0x000000072ac00000, 0x000000072ae00000|  0%| F|  |TAMS 0x000000072ac00000, 0x000000072ac00000| Untracked 
|  69|0x000000072ae00000, 0x000000072ae00000, 0x000000072b000000|  0%| F|  |TAMS 0x000000072ae00000, 0x000000072ae00000| Untracked 
|  70|0x000000072b000000, 0x000000072b000000, 0x000000072b200000|  0%| F|  |TAMS 0x000000072b000000, 0x000000072b000000| Untracked 
|  71|0x000000072b200000, 0x000000072b200000, 0x000000072b400000|  0%| F|  |TAMS 0x000000072b200000, 0x000000072b200000| Untracked 
|  72|0x000000072b400000, 0x000000072b400000, 0x000000072b600000|  0%| F|  |TAMS 0x000000072b400000, 0x000000072b400000| Untracked 
|  73|0x000000072b600000, 0x000000072b600000, 0x000000072b800000|  0%| F|  |TAMS 0x000000072b600000, 0x000000072b600000| Untracked 
|  74|0x000000072b800000, 0x000000072b800000, 0x000000072ba00000|  0%| F|  |TAMS 0x000000072b800000, 0x000000072b800000| Untracked 
|  75|0x000000072ba00000, 0x000000072ba00000, 0x000000072bc00000|  0%| F|  |TAMS 0x000000072ba00000, 0x000000072ba00000| Untracked 
|  76|0x000000072bc00000, 0x000000072bc00000, 0x000000072be00000|  0%| F|  |TAMS 0x000000072bc00000, 0x000000072bc00000| Untracked 
|  77|0x000000072be00000, 0x000000072be00000, 0x000000072c000000|  0%| F|  |TAMS 0x000000072be00000, 0x000000072be00000| Untracked 
|  78|0x000000072c000000, 0x000000072c000000, 0x000000072c200000|  0%| F|  |TAMS 0x000000072c000000, 0x000000072c000000| Untracked 
|  79|0x000000072c200000, 0x000000072c200000, 0x000000072c400000|  0%| F|  |TAMS 0x000000072c200000, 0x000000072c200000| Untracked 
|  80|0x000000072c400000, 0x000000072c400000, 0x000000072c600000|  0%| F|  |TAMS 0x000000072c400000, 0x000000072c400000| Untracked 
|  81|0x000000072c600000, 0x000000072c600000, 0x000000072c800000|  0%| F|  |TAMS 0x000000072c600000, 0x000000072c600000| Untracked 
|  82|0x000000072c800000, 0x000000072c800000, 0x000000072ca00000|  0%| F|  |TAMS 0x000000072c800000, 0x000000072c800000| Untracked 
|  83|0x000000072ca00000, 0x000000072ca00000, 0x000000072cc00000|  0%| F|  |TAMS 0x000000072ca00000, 0x000000072ca00000| Untracked 
|  84|0x000000072cc00000, 0x000000072cc00000, 0x000000072ce00000|  0%| F|  |TAMS 0x000000072cc00000, 0x000000072cc00000| Untracked 
|  85|0x000000072ce00000, 0x000000072ce00000, 0x000000072d000000|  0%| F|  |TAMS 0x000000072ce00000, 0x000000072ce00000| Untracked 
|  86|0x000000072d000000, 0x000000072d000000, 0x000000072d200000|  0%| F|  |TAMS 0x000000072d000000, 0x000000072d000000| Untracked 
|  87|0x000000072d200000, 0x000000072d200000, 0x000000072d400000|  0%| F|  |TAMS 0x000000072d200000, 0x000000072d200000| Untracked 
|  88|0x000000072d400000, 0x000000072d400000, 0x000000072d600000|  0%| F|  |TAMS 0x000000072d400000, 0x000000072d400000| Untracked 
|  89|0x000000072d600000, 0x000000072d600000, 0x000000072d800000|  0%| F|  |TAMS 0x000000072d600000, 0x000000072d600000| Untracked 
|  90|0x000000072d800000, 0x000000072d800000, 0x000000072da00000|  0%| F|  |TAMS 0x000000072d800000, 0x000000072d800000| Untracked 
|  91|0x000000072da00000, 0x000000072da00000, 0x000000072dc00000|  0%| F|  |TAMS 0x000000072da00000, 0x000000072da00000| Untracked 
|  92|0x000000072dc00000, 0x000000072dc00000, 0x000000072de00000|  0%| F|  |TAMS 0x000000072dc00000, 0x000000072dc00000| Untracked 
|  93|0x000000072de00000, 0x000000072de00000, 0x000000072e000000|  0%| F|  |TAMS 0x000000072de00000, 0x000000072de00000| Untracked 
|  94|0x000000072e000000, 0x000000072e000000, 0x000000072e200000|  0%| F|  |TAMS 0x000000072e000000, 0x000000072e000000| Untracked 
|  95|0x000000072e200000, 0x000000072e200000, 0x000000072e400000|  0%| F|  |TAMS 0x000000072e200000, 0x000000072e200000| Untracked 
|  96|0x000000072e400000, 0x000000072e400000, 0x000000072e600000|  0%| F|  |TAMS 0x000000072e400000, 0x000000072e400000| Untracked 
|  97|0x000000072e600000, 0x000000072e6e4320, 0x000000072e800000| 44%| E|  |TAMS 0x000000072e600000, 0x000000072e600000| Complete 
|  98|0x000000072e800000, 0x000000072ea00000, 0x000000072ea00000|100%| S|CS|TAMS 0x000000072e800000, 0x000000072e800000| Complete 
|  99|0x000000072ea00000, 0x000000072ec00000, 0x000000072ec00000|100%| S|CS|TAMS 0x000000072ea00000, 0x000000072ea00000| Complete 
| 100|0x000000072ec00000, 0x000000072ee00000, 0x000000072ee00000|100%| E|CS|TAMS 0x000000072ec00000, 0x000000072ec00000| Complete 
| 101|0x000000072ee00000, 0x000000072f000000, 0x000000072f000000|100%| E|CS|TAMS 0x000000072ee00000, 0x000000072ee00000| Complete 
| 102|0x000000072f000000, 0x000000072f200000, 0x000000072f200000|100%| E|CS|TAMS 0x000000072f000000, 0x000000072f000000| Complete 
| 103|0x000000072f200000, 0x000000072f400000, 0x000000072f400000|100%| E|CS|TAMS 0x000000072f200000, 0x000000072f200000| Complete 
| 104|0x000000072f400000, 0x000000072f600000, 0x000000072f600000|100%| E|CS|TAMS 0x000000072f400000, 0x000000072f400000| Complete 
| 105|0x000000072f600000, 0x000000072f800000, 0x000000072f800000|100%| E|CS|TAMS 0x000000072f600000, 0x000000072f600000| Complete 
| 106|0x000000072f800000, 0x000000072fa00000, 0x000000072fa00000|100%| E|  |TAMS 0x000000072f800000, 0x000000072f800000| Complete 
| 107|0x000000072fa00000, 0x000000072fc00000, 0x000000072fc00000|100%| E|CS|TAMS 0x000000072fa00000, 0x000000072fa00000| Complete 
| 108|0x000000072fc00000, 0x000000072fe00000, 0x000000072fe00000|100%| E|CS|TAMS 0x000000072fc00000, 0x000000072fc00000| Complete 
| 109|0x000000072fe00000, 0x0000000730000000, 0x0000000730000000|100%| E|CS|TAMS 0x000000072fe00000, 0x000000072fe00000| Complete 
| 110|0x0000000730000000, 0x0000000730200000, 0x0000000730200000|100%| E|CS|TAMS 0x0000000730000000, 0x0000000730000000| Complete 

Card table byte_map: [0x000001b16f040000,0x000001b16f730000] _byte_map_base: 0x000001b16b72e000

Marking Bits (Prev, Next): (CMBitMap*) 0x000001b157971a60, (CMBitMap*) 0x000001b157971aa0
 Prev Bits: [0x000001b16fe20000, 0x000001b173590000)
 Next Bits: [0x000001b173590000, 0x000001b176d00000)

Polling page: 0x000001b1558f0000

Metaspace:

Usage:
  Non-class:     11.62 MB used.
      Class:      2.17 MB used.
       Both:     13.78 MB used.

Virtual space:
  Non-class space:       16.00 MB reserved,      11.75 MB ( 73%) committed,  2 nodes.
      Class space:        1.00 GB reserved,       2.25 MB ( <1%) committed,  1 nodes.
             Both:        1.02 GB reserved,      14.00 MB (  1%) committed. 

Chunk freelists:
   Non-Class:  2.95 MB
       Class:  1.75 MB
        Both:  4.70 MB

MaxMetaspaceSize: unlimited
CompressedClassSpaceSize: 1.00 GB
Initial GC threshold: 21.00 MB
Current GC threshold: 21.00 MB
CDS: on
MetaspaceReclaimPolicy: balanced
 - commit_granule_bytes: 65536.
 - commit_granule_words: 8192.
 - virtual_space_node_default_size: 1048576.
 - enlarge_chunks_in_place: 1.
 - new_chunks_are_fully_committed: 0.
 - uncommit_free_chunks: 1.
 - use_allocation_guard: 0.
 - handle_deallocations: 1.


Internal statistics:

num_allocs_failed_limit: 0.
num_arena_births: 150.
num_arena_deaths: 0.
num_vsnodes_births: 3.
num_vsnodes_deaths: 0.
num_space_committed: 224.
num_space_uncommitted: 0.
num_chunks_returned_to_freelist: 0.
num_chunks_taken_from_freelist: 617.
num_chunk_merges: 0.
num_chunk_splits: 455.
num_chunks_enlarged: 384.
num_purges: 0.
num_inconsistent_stats: 0.

CodeHeap 'non-profiled nmethods': size=120000Kb used=957Kb max_used=957Kb free=119042Kb
 bounds [0x000001b166ed0000, 0x000001b167140000, 0x000001b16e400000]
CodeHeap 'profiled nmethods': size=120000Kb used=4195Kb max_used=4195Kb free=115804Kb
 bounds [0x000001b15f400000, 0x000001b15f820000, 0x000001b166930000]
CodeHeap 'non-nmethods': size=5760Kb used=1430Kb max_used=1461Kb free=4330Kb
 bounds [0x000001b166930000, 0x000001b166ba0000, 0x000001b166ed0000]
 total_blobs=3039 nmethods=2244 adapters=707
 compilation: enabled
              stopped_count=0, restarted_count=0
 full_count=0

Compilation events (20 events):
Event: 8.415 Thread 0x000001b179966f20 2234       3       com.sun.marlin.Curve::set (153 bytes)
Event: 8.415 Thread 0x000001b179966f20 nmethod 2234 0x000001b15f816a90 code [0x000001b15f816c80, 0x000001b15f816e38]
Event: 8.415 Thread 0x000001b179966f20 2238       3       com.sun.javafx.image.impl.BaseByteToByteConverter$ByteAnyToSameConverter::doConvert (39 bytes)
Event: 8.416 Thread 0x000001b179966f20 nmethod 2238 0x000001b15f816f10 code [0x000001b15f8170c0, 0x000001b15f8173a8]
Event: 8.416 Thread 0x000001b179966f20 2237       1       com.sun.prism.impl.BaseGraphics::getRenderRoot (5 bytes)
Event: 8.416 Thread 0x000001b179966f20 nmethod 2237 0x000001b166fbe910 code [0x000001b166fbeaa0, 0x000001b166fbeb78]
Event: 8.416 Thread 0x000001b179966f20 2236       1       javafx.scene.layout.Background::getImages (5 bytes)
Event: 8.416 Thread 0x000001b179966f20 nmethod 2236 0x000001b166fbec10 code [0x000001b166fbeda0, 0x000001b166fbee78]
Event: 8.416 Thread 0x000001b179966f20 2239       1       com.sun.prism.impl.ps.BaseShaderContext::getLCDBuffer (5 bytes)
Event: 8.416 Thread 0x000001b179966f20 nmethod 2239 0x000001b166fbef10 code [0x000001b166fbf0a0, 0x000001b166fbf178]
Event: 8.416 Thread 0x000001b179966f20 2240       3       com.sun.javafx.sg.prism.NGGroup::renderForcedContent (43 bytes)
Event: 8.416 Thread 0x000001b179966f20 nmethod 2240 0x000001b15f817510 code [0x000001b15f817720, 0x000001b15f817e38]
Event: 8.416 Thread 0x000001b179966f20 2241       3       com.sun.prism.impl.BaseResourcePool$WeakLinkedList::getResource (11 bytes)
Event: 8.416 Thread 0x000001b179966f20 nmethod 2241 0x000001b15f818010 code [0x000001b15f8181c0, 0x000001b15f818498]
Event: 8.498 Thread 0x000001b179966f20 2242       3       com.sun.javafx.tk.quantum.ViewScene::getWindowStage (8 bytes)
Event: 8.498 Thread 0x000001b179966f20 nmethod 2242 0x000001b15f818590 code [0x000001b15f818720, 0x000001b15f818938]
Event: 8.498 Thread 0x000001b179966f20 2243       3       javafx.beans.property.BooleanPropertyBase::fireValueChangedEvent (8 bytes)
Event: 8.498 Thread 0x000001b179966f20 nmethod 2243 0x000001b15f818a10 code [0x000001b15f818bc0, 0x000001b15f818e28]
Event: 8.502 Thread 0x000001b179966210 2244       4       java.lang.Object::equals (11 bytes)
Event: 8.503 Thread 0x000001b179966210 nmethod 2244 0x000001b166fbf210 code [0x000001b166fbf380, 0x000001b166fbf418]

GC Heap History (2 events):
Event: 0.537 GC heap before
{Heap before GC invocations=0 (full 0):
 garbage-first heap   total 227328K, used 22528K [0x0000000722400000, 0x0000000800000000)
  region size 2048K, 11 young (22528K), 0 survivors (0K)
 Metaspace       used 6743K, committed 6976K, reserved 1056768K
  class space    used 927K, committed 1024K, reserved 1048576K
}
Event: 0.539 GC heap after
{Heap after GC invocations=1 (full 0):
 garbage-first heap   total 227328K, used 4794K [0x0000000722400000, 0x0000000800000000)
  region size 2048K, 2 young (4096K), 2 survivors (4096K)
 Metaspace       used 6743K, committed 6976K, reserved 1056768K
  class space    used 927K, committed 1024K, reserved 1048576K
}

Dll operation events (20 events):
Event: 0.194 Loaded shared library M:\Apps\javafx-sdk-20.0.1\bin\api-ms-win-crt-heap-l1-1-0.dll
Event: 0.195 Loaded shared library M:\Apps\javafx-sdk-20.0.1\bin\api-ms-win-crt-locale-l1-1-0.dll
Event: 0.196 Loaded shared library M:\Apps\javafx-sdk-20.0.1\bin\api-ms-win-crt-math-l1-1-0.dll
Event: 0.196 Loaded shared library M:\Apps\javafx-sdk-20.0.1\bin\api-ms-win-crt-multibyte-l1-1-0.dll
Event: 0.197 Loaded shared library M:\Apps\javafx-sdk-20.0.1\bin\api-ms-win-crt-private-l1-1-0.dll
Event: 0.198 Loaded shared library M:\Apps\javafx-sdk-20.0.1\bin\api-ms-win-crt-process-l1-1-0.dll
Event: 0.199 Loaded shared library M:\Apps\javafx-sdk-20.0.1\bin\api-ms-win-crt-runtime-l1-1-0.dll
Event: 0.200 Loaded shared library M:\Apps\javafx-sdk-20.0.1\bin\api-ms-win-crt-stdio-l1-1-0.dll
Event: 0.201 Loaded shared library M:\Apps\javafx-sdk-20.0.1\bin\api-ms-win-crt-string-l1-1-0.dll
Event: 0.201 Loaded shared library M:\Apps\javafx-sdk-20.0.1\bin\api-ms-win-crt-time-l1-1-0.dll
Event: 0.203 Loaded shared library M:\Apps\javafx-sdk-20.0.1\bin\api-ms-win-crt-utility-l1-1-0.dll
Event: 0.204 Loaded shared library M:\Apps\javafx-sdk-20.0.1\bin\ucrtbase.dll
Event: 0.204 Loaded shared library M:\Apps\javafx-sdk-20.0.1\bin\vcruntime140.dll
Event: 0.205 Loaded shared library M:\Apps\javafx-sdk-20.0.1\bin\vcruntime140_1.dll
Event: 0.206 Loaded shared library M:\Apps\javafx-sdk-20.0.1\bin\msvcp140.dll
Event: 0.206 Loaded shared library M:\Apps\javafx-sdk-20.0.1\bin\msvcp140_1.dll
Event: 0.207 Loaded shared library M:\Apps\javafx-sdk-20.0.1\bin\msvcp140_2.dll
Event: 0.240 Loaded shared library M:\Apps\javafx-sdk-20.0.1\bin\prism_d3d.dll
Event: 0.277 Loaded shared library M:\Apps\javafx-sdk-20.0.1\bin\glass.dll
Event: 0.457 Loaded shared library M:\Apps\javafx-sdk-20.0.1\bin\javafx_font.dll

Deoptimization events (20 events):
Event: 5.338 Thread 0x000001b17a9a5710 DEOPT PACKING pc=0x000001b166f193e4 sp=0x00000065239fb840
Event: 5.338 Thread 0x000001b17a9a5710 DEOPT UNPACKING pc=0x000001b1669869a3 sp=0x00000065239fb838 mode 2
Event: 5.374 Thread 0x000001b17a7f8650 Uncommon trap: trap_request=0xffffff45 fr.pc=0x000001b166f8855c relative=0x000000000000071c
Event: 5.374 Thread 0x000001b17a7f8650 Uncommon trap: reason=unstable_if action=reinterpret pc=0x000001b166f8855c method=com.sun.marlin.MaskMarlinAlphaConsumer.setAndClearRelativeAlphas([I[IIII)V @ 414 c2
Event: 5.374 Thread 0x000001b17a7f8650 DEOPT PACKING pc=0x000001b166f8855c sp=0x00000065235fde10
Event: 5.374 Thread 0x000001b17a7f8650 DEOPT UNPACKING pc=0x000001b1669869a3 sp=0x00000065235fdd18 mode 2
Event: 5.806 Thread 0x000001b17a7f8650 DEOPT PACKING pc=0x000001b15f7cb24c sp=0x00000065235fddb0
Event: 5.806 Thread 0x000001b17a7f8650 DEOPT UNPACKING pc=0x000001b166987143 sp=0x00000065235fd208 mode 0
Event: 5.807 Thread 0x000001b17a7f8650 DEOPT PACKING pc=0x000001b15f7cb24c sp=0x00000065235fddb0
Event: 5.807 Thread 0x000001b17a7f8650 DEOPT UNPACKING pc=0x000001b166987143 sp=0x00000065235fd208 mode 0
Event: 6.605 Thread 0x000001b17a7f8650 DEOPT PACKING pc=0x000001b15f76f9c8 sp=0x00000065235fdee0
Event: 6.605 Thread 0x000001b17a7f8650 DEOPT UNPACKING pc=0x000001b166987143 sp=0x00000065235fd330 mode 0
Event: 6.605 Thread 0x000001b17a7f8650 DEOPT PACKING pc=0x000001b15f7cb24c sp=0x00000065235fddb0
Event: 6.605 Thread 0x000001b17a7f8650 DEOPT UNPACKING pc=0x000001b166987143 sp=0x00000065235fd208 mode 0
Event: 6.717 Thread 0x000001b17a7f8650 DEOPT PACKING pc=0x000001b15f7cb26d sp=0x00000065235fdef0
Event: 6.717 Thread 0x000001b17a7f8650 DEOPT UNPACKING pc=0x000001b166987143 sp=0x00000065235fd358 mode 0
Event: 6.717 Thread 0x000001b17a7f8650 DEOPT PACKING pc=0x000001b15f7cb26d sp=0x00000065235fdef0
Event: 6.717 Thread 0x000001b17a7f8650 DEOPT UNPACKING pc=0x000001b166987143 sp=0x00000065235fd358 mode 0
Event: 6.717 Thread 0x000001b17a7f8650 DEOPT PACKING pc=0x000001b15f7cb24c sp=0x00000065235fdef0
Event: 6.717 Thread 0x000001b17a7f8650 DEOPT UNPACKING pc=0x000001b166987143 sp=0x00000065235fd348 mode 0

Classes unloaded (0 events):
No events

Classes redefined (0 events):
No events

Internal exceptions (20 events):
Event: 0.265 Thread 0x000001b17a60a9e0 Exception <a 'java/lang/NoSuchMethodError'{0x000000072fba6c40}: 'int java.lang.invoke.DirectMethodHandle$Holder.invokeStaticInit(java.lang.Object, java.lang.Object, java.lang.Object)'> (0x000000072fba6c40) 
thrown [s\src\hotspot\share\interpreter\linkResolver.cpp, line 759]
Event: 0.279 Thread 0x000001b17a60a9e0 Exception <a 'java/lang/NoSuchMethodError'{0x000000072f8f7ad8}: 'java.lang.Object java.lang.invoke.DirectMethodHandle$Holder.newInvokeSpecial(java.lang.Object, java.lang.Object, int, java.lang.Object)'> (0x000000072f8f7ad8) 
thrown [s\src\hotspot\share\interpreter\linkResolver.cpp, line 759]
Event: 0.280 Thread 0x000001b17a60a9e0 Exception <a 'java/lang/NoSuchMethodError'{0x000000072f8fbc10}: 'java.lang.Object java.lang.invoke.DirectMethodHandle$Holder.invokeSpecial(java.lang.Object, java.lang.Object, java.lang.Object, int, java.lang.Object)'> (0x000000072f8fbc10) 
thrown [s\src\hotspot\share\interpreter\linkResolver.cpp, line 759]
Event: 0.360 Thread 0x000001b17a9a5710 Exception <a 'java/lang/NoSuchMethodError'{0x000000072f7a32d8}: 'void java.lang.invoke.DirectMethodHandle$Holder.invokeStaticInit(java.lang.Object)'> (0x000000072f7a32d8) 
thrown [s\src\hotspot\share\interpreter\linkResolver.cpp, line 759]
Event: 0.362 Thread 0x000001b17a60a9e0 Exception <a 'java/lang/NoSuchMethodError'{0x000000072f90bb00}: 'void java.lang.invoke.DirectMethodHandle$Holder.invokeStatic(java.lang.Object, java.lang.Object, java.lang.Object, java.lang.Object)'> (0x000000072f90bb00) 
thrown [s\src\hotspot\share\interpreter\linkResolver.cpp, line 759]
Event: 0.408 Thread 0x000001b17a9a5710 Exception <a 'java/lang/NoSuchMethodError'{0x000000072f29cb40}: 'java.lang.Object java.lang.invoke.DirectMethodHandle$Holder.invokeStaticInit(java.lang.Object, java.lang.Object, java.lang.Object, java.lang.Object)'> (0x000000072f29cb40) 
thrown [s\src\hotspot\share\interpreter\linkResolver.cpp, line 759]
Event: 0.409 Thread 0x000001b17a9a5710 Exception <a 'java/lang/NullPointerException'{0x000000072f2a7830}> (0x000000072f2a7830) 
thrown [s\src\hotspot\share\interpreter\linkResolver.cpp, line 1350]
Event: 0.430 Thread 0x000001b17a9a5710 Exception <a 'java/lang/NoSuchMethodError'{0x000000072f395850}: 'java.lang.Object java.lang.invoke.DirectMethodHandle$Holder.invokeInterface(java.lang.Object, java.lang.Object)'> (0x000000072f395850) 
thrown [s\src\hotspot\share\interpreter\linkResolver.cpp, line 759]
Event: 0.512 Thread 0x000001b17a9a5710 Exception <a 'java/lang/NoSuchMethodError'{0x000000072ec8d440}: 'void java.lang.invoke.DirectMethodHandle$Holder.invokeStaticInit(java.lang.Object, java.lang.Object)'> (0x000000072ec8d440) 
thrown [s\src\hotspot\share\interpreter\linkResolver.cpp, line 759]
Event: 0.575 Thread 0x000001b17a9a5710 Implicit null exception at 0x000001b166f1bb14 to 0x000001b166f1bf08
Event: 0.636 Thread 0x000001b17a9a5710 Implicit null exception at 0x000001b166f2028f to 0x000001b166f20668
Event: 0.670 Thread 0x000001b17a9a5710 Exception <a 'java/lang/NoSuchMethodError'{0x000000072fdc87f0}: 'void java.lang.invoke.DirectMethodHandle$Holder.invokeSpecial(java.lang.Object, java.lang.Object, java.lang.Object, java.lang.Object, java.lang.Object)'> (0x000000072fdc87f0) 
thrown [s\src\hotspot\share\interpreter\linkResolver.cpp, line 759]
Event: 0.671 Thread 0x000001b17a9a5710 Exception <a 'java/lang/NoSuchMethodError'{0x000000072fdd7ed8}: 'java.lang.Object java.lang.invoke.DirectMethodHandle$Holder.invokeInterface(java.lang.Object, java.lang.Object, java.lang.Object)'> (0x000000072fdd7ed8) 
thrown [s\src\hotspot\share\interpreter\linkResolver.cpp, line 759]
Event: 0.672 Thread 0x000001b17a9a5710 Exception <a 'java/lang/IncompatibleClassChangeError'{0x000000072fddb860}: Found class java.lang.Object, but interface was expected> (0x000000072fddb860) 
thrown [s\src\hotspot\share\interpreter\linkResolver.cpp, line 826]
Event: 0.705 Thread 0x000001b17a9a5710 Exception <a 'java/lang/NoSuchMethodError'{0x000000072fb20b00}: 'java.lang.Object java.lang.invoke.DirectMethodHandle$Holder.newInvokeSpecial(java.lang.Object, java.lang.Object, int)'> (0x000000072fb20b00) 
thrown [s\src\hotspot\share\interpreter\linkResolver.cpp, line 759]
Event: 0.733 Thread 0x000001b17a7f8650 Exception <a 'java/lang/NoSuchMethodError'{0x000000072f861a98}: 'int java.lang.invoke.DirectMethodHandle$Holder.invokeStaticInit(java.lang.Object, java.lang.Object)'> (0x000000072f861a98) 
thrown [s\src\hotspot\share\interpreter\linkResolver.cpp, line 759]
Event: 1.501 Thread 0x000001b17a9a5710 Exception <a 'java/lang/NoSuchMethodError'{0x000000072f7cd420}: 'long java.lang.invoke.DirectMethodHandle$Holder.invokeStatic(java.lang.Object, java.lang.Object, java.lang.Object)'> (0x000000072f7cd420) 
thrown [s\src\hotspot\share\interpreter\linkResolver.cpp, line 759]
Event: 1.501 Thread 0x000001b17a9a5710 Exception <a 'java/lang/NoSuchMethodError'{0x000000072f7d0bc8}: 'long java.lang.invoke.DirectMethodHandle$Holder.invokeStaticInit(java.lang.Object, java.lang.Object, java.lang.Object)'> (0x000000072f7d0bc8) 
thrown [s\src\hotspot\share\interpreter\linkResolver.cpp, line 759]
Event: 1.503 Thread 0x000001b17a9a5710 Exception <a 'java/lang/NoSuchMethodError'{0x000000072f7e87c8}: 'java.lang.Object java.lang.invoke.DirectMethodHandle$Holder.newInvokeSpecial(java.lang.Object, java.lang.Object, long)'> (0x000000072f7e87c8) 
thrown [s\src\hotspot\share\interpreter\linkResolver.cpp, line 759]
Event: 1.503 Thread 0x000001b17a9a5710 Exception <a 'java/lang/NoSuchMethodError'{0x000000072f7ec338}: 'java.lang.Object java.lang.invoke.Invokers$Holder.linkToTargetMethod(java.lang.Object, long, java.lang.Object)'> (0x000000072f7ec338) 
thrown [s\src\hotspot\share\interpreter\linkResolver.cpp, line 759]

VM Operations (20 events):
Event: 0.274 Executing VM operation: HandshakeAllThreads done
Event: 0.434 Executing VM operation: HandshakeAllThreads
Event: 0.434 Executing VM operation: HandshakeAllThreads done
Event: 0.499 Executing VM operation: ICBufferFull
Event: 0.499 Executing VM operation: ICBufferFull done
Event: 0.537 Executing VM operation: G1CollectForAllocation
Event: 0.539 Executing VM operation: G1CollectForAllocation done
Event: 1.663 Executing VM operation: ICBufferFull
Event: 1.663 Executing VM operation: ICBufferFull done
Event: 2.663 Executing VM operation: Cleanup
Event: 2.663 Executing VM operation: Cleanup done
Event: 3.664 Executing VM operation: Cleanup
Event: 3.664 Executing VM operation: Cleanup done
Event: 4.664 Executing VM operation: Cleanup
Event: 4.664 Executing VM operation: Cleanup done
Event: 5.664 Executing VM operation: Cleanup
Event: 5.665 Executing VM operation: Cleanup done
Event: 7.665 Executing VM operation: Cleanup
Event: 7.665 Executing VM operation: Cleanup done
Event: 8.505 Executing VM operation: Exit

Events (20 events):
Event: 2.294 loading class sun/text/CompactByteArray
Event: 2.294 loading class sun/text/CompactByteArray done
Event: 2.294 loading class sun/text/SupplementaryCharacterData
Event: 2.294 loading class sun/text/SupplementaryCharacterData done
Event: 2.295 loading class java/text/BreakIterator$BreakIteratorCache
Event: 2.295 loading class java/text/BreakIterator$BreakIteratorCache done
Event: 5.328 loading class java/util/BitSet
Event: 5.328 loading class java/util/BitSet done
Event: 5.334 loading class java/io/EOFException
Event: 5.334 loading class java/io/EOFException done
Event: 5.334 loading class java/io/SequenceInputStream
Event: 5.334 loading class java/io/SequenceInputStream done
Event: 5.337 loading class java/util/Vector$1
Event: 5.337 loading class java/util/Vector$1 done
Event: 8.504 Thread 0x000001b17af00fb0 Thread added: 0x000001b17af00fb0
Event: 8.504 Thread 0x000001b17af027c0 Thread added: 0x000001b17af027c0
Event: 8.504 Thread 0x000001b17af00fb0 Thread exited: 0x000001b17af00fb0
Event: 8.505 Thread 0x000001b17af027c0 Thread exited: 0x000001b17af027c0
Event: 8.505 loading class java/util/LinkedList$ListItr
Event: 8.505 loading class java/util/LinkedList$ListItr done


Dynamic libraries:
0x00007ff7ec010000 - 0x00007ff7ec01e000 	C:\Users\IP3\AppData\Local\Programs\Eclipse Adoptium\jdk-17.0.6.10-hotspot\bin\java.exe
0x00007ffb41e90000 - 0x00007ffb42088000 	C:\Windows\SYSTEM32\ntdll.dll
0x00007ffb41b00000 - 0x00007ffb41bbf000 	C:\Windows\System32\KERNEL32.DLL
0x00007ffb3fa60000 - 0x00007ffb3fd56000 	C:\Windows\System32\KERNELBASE.dll
0x00007ffb3f8c0000 - 0x00007ffb3f9c0000 	C:\Windows\System32\ucrtbase.dll
0x00007ffb3b540000 - 0x00007ffb3b557000 	C:\Users\IP3\AppData\Local\Programs\Eclipse Adoptium\jdk-17.0.6.10-hotspot\bin\jli.dll
0x00007ffb3a150000 - 0x00007ffb3a169000 	C:\Users\IP3\AppData\Local\Programs\Eclipse Adoptium\jdk-17.0.6.10-hotspot\bin\VCRUNTIME140.dll
0x00007ffb41c20000 - 0x00007ffb41dbd000 	C:\Windows\System32\USER32.dll
0x00007ffb3fd60000 - 0x00007ffb3fd82000 	C:\Windows\System32\win32u.dll
0x00007ffb2dfc0000 - 0x00007ffb2e25a000 	C:\Windows\WinSxS\amd64_microsoft.windows.common-controls_6595b64144ccf1df_6.0.19041.1110_none_60b5254171f9507e\COMCTL32.dll
0x00007ffb410d0000 - 0x00007ffb410fc000 	C:\Windows\System32\GDI32.dll
0x00007ffb41310000 - 0x00007ffb413ae000 	C:\Windows\System32\msvcrt.dll
0x00007ffb3f6f0000 - 0x00007ffb3f805000 	C:\Windows\System32\gdi32full.dll
0x00007ffb3f9c0000 - 0x00007ffb3fa5d000 	C:\Windows\System32\msvcp_win.dll
0x00007ffb41010000 - 0x00007ffb41040000 	C:\Windows\System32\IMM32.DLL
0x00007ffb39c60000 - 0x00007ffb39c6c000 	C:\Users\IP3\AppData\Local\Programs\Eclipse Adoptium\jdk-17.0.6.10-hotspot\bin\vcruntime140_1.dll
0x00007ffb0c100000 - 0x00007ffb0c191000 	C:\Users\IP3\AppData\Local\Programs\Eclipse Adoptium\jdk-17.0.6.10-hotspot\bin\msvcp140.dll
0x00007ffae1000000 - 0x00007ffae1c47000 	C:\Users\IP3\AppData\Local\Programs\Eclipse Adoptium\jdk-17.0.6.10-hotspot\bin\server\jvm.dll
0x00007ffb40b20000 - 0x00007ffb40bcf000 	C:\Windows\System32\ADVAPI32.dll
0x00007ffb406c0000 - 0x00007ffb4075c000 	C:\Windows\System32\sechost.dll
0x00007ffb3fef0000 - 0x00007ffb40016000 	C:\Windows\System32\RPCRT4.dll
0x00007ffb364d0000 - 0x00007ffb364da000 	C:\Windows\SYSTEM32\VERSION.dll
0x00007ffb34dd0000 - 0x00007ffb34df7000 	C:\Windows\SYSTEM32\WINMM.dll
0x00007ffb2c430000 - 0x00007ffb2c439000 	C:\Windows\SYSTEM32\WSOCK32.dll
0x00007ffb41050000 - 0x00007ffb410bb000 	C:\Windows\System32\WS2_32.dll
0x00007ffb3d610000 - 0x00007ffb3d622000 	C:\Windows\SYSTEM32\kernel.appcore.dll
0x00007ffb39a70000 - 0x00007ffb39a7a000 	C:\Users\IP3\AppData\Local\Programs\Eclipse Adoptium\jdk-17.0.6.10-hotspot\bin\jimage.dll
0x00007ffb3d260000 - 0x00007ffb3d444000 	C:\Windows\SYSTEM32\DBGHELP.DLL
0x00007ffb27b70000 - 0x00007ffb27ba4000 	C:\Windows\SYSTEM32\dbgcore.DLL
0x00007ffb3f660000 - 0x00007ffb3f6e2000 	C:\Windows\System32\bcryptPrimitives.dll
0x00007ffb39a40000 - 0x00007ffb39a65000 	C:\Users\IP3\AppData\Local\Programs\Eclipse Adoptium\jdk-17.0.6.10-hotspot\bin\java.dll
0x00007ffb04550000 - 0x00007ffb04626000 	C:\Users\IP3\AppData\Local\Programs\Eclipse Adoptium\jdk-17.0.6.10-hotspot\bin\jsvml.dll
0x00007ffb413b0000 - 0x00007ffb41af4000 	C:\Windows\System32\SHELL32.dll
0x00007ffb3d630000 - 0x00007ffb3ddc3000 	C:\Windows\SYSTEM32\windows.storage.dll
0x00007ffb407c0000 - 0x00007ffb40b14000 	C:\Windows\System32\combase.dll
0x00007ffb3efd0000 - 0x00007ffb3effe000 	C:\Windows\SYSTEM32\Wldp.dll
0x00007ffb405b0000 - 0x00007ffb4065d000 	C:\Windows\System32\SHCORE.dll
0x00007ffb40760000 - 0x00007ffb407b5000 	C:\Windows\System32\shlwapi.dll
0x00007ffb3f4b0000 - 0x00007ffb3f4cf000 	C:\Windows\SYSTEM32\profapi.dll
0x00007ffb39810000 - 0x00007ffb39829000 	C:\Users\IP3\AppData\Local\Programs\Eclipse Adoptium\jdk-17.0.6.10-hotspot\bin\net.dll
0x00007ffb383e0000 - 0x00007ffb384ea000 	C:\Windows\SYSTEM32\WINHTTP.dll
0x00007ffb3ed30000 - 0x00007ffb3ed9a000 	C:\Windows\system32\mswsock.dll
0x00007ffb397f0000 - 0x00007ffb39805000 	C:\Users\IP3\AppData\Local\Programs\Eclipse Adoptium\jdk-17.0.6.10-hotspot\bin\nio.dll
0x00007ffb37160000 - 0x00007ffb37178000 	C:\Users\IP3\AppData\Local\Programs\Eclipse Adoptium\jdk-17.0.6.10-hotspot\bin\zip.dll
0x000001b157890000 - 0x000001b157893000 	M:\Apps\javafx-sdk-20.0.1\bin\api-ms-win-core-console-l1-1-0.dll
0x000001b1578a0000 - 0x000001b1578a3000 	M:\Apps\javafx-sdk-20.0.1\bin\api-ms-win-core-console-l1-2-0.dll
0x000001b1578b0000 - 0x000001b1578b3000 	M:\Apps\javafx-sdk-20.0.1\bin\api-ms-win-core-datetime-l1-1-0.dll
0x000001b1578c0000 - 0x000001b1578c3000 	M:\Apps\javafx-sdk-20.0.1\bin\api-ms-win-core-debug-l1-1-0.dll
0x000001b1578d0000 - 0x000001b1578d3000 	M:\Apps\javafx-sdk-20.0.1\bin\api-ms-win-core-errorhandling-l1-1-0.dll
0x000001b179aa0000 - 0x000001b179aa4000 	M:\Apps\javafx-sdk-20.0.1\bin\api-ms-win-core-file-l1-1-0.dll
0x000001b179ab0000 - 0x000001b179ab3000 	M:\Apps\javafx-sdk-20.0.1\bin\api-ms-win-core-file-l1-2-0.dll
0x000001b179ac0000 - 0x000001b179ac3000 	M:\Apps\javafx-sdk-20.0.1\bin\api-ms-win-core-file-l2-1-0.dll
0x000001b179ad0000 - 0x000001b179ad3000 	M:\Apps\javafx-sdk-20.0.1\bin\api-ms-win-core-handle-l1-1-0.dll
0x000001b179ae0000 - 0x000001b179ae3000 	M:\Apps\javafx-sdk-20.0.1\bin\api-ms-win-core-heap-l1-1-0.dll
0x000001b179af0000 - 0x000001b179af3000 	M:\Apps\javafx-sdk-20.0.1\bin\api-ms-win-core-interlocked-l1-1-0.dll
0x000001b179b00000 - 0x000001b179b03000 	M:\Apps\javafx-sdk-20.0.1\bin\api-ms-win-core-libraryloader-l1-1-0.dll
0x000001b179b10000 - 0x000001b179b13000 	M:\Apps\javafx-sdk-20.0.1\bin\api-ms-win-core-localization-l1-2-0.dll
0x000001b179b20000 - 0x000001b179b23000 	M:\Apps\javafx-sdk-20.0.1\bin\api-ms-win-core-memory-l1-1-0.dll
0x000001b179b30000 - 0x000001b179b33000 	M:\Apps\javafx-sdk-20.0.1\bin\api-ms-win-core-namedpipe-l1-1-0.dll
0x000001b179b40000 - 0x000001b179b43000 	M:\Apps\javafx-sdk-20.0.1\bin\api-ms-win-core-processenvironment-l1-1-0.dll
0x000001b179b50000 - 0x000001b179b53000 	M:\Apps\javafx-sdk-20.0.1\bin\api-ms-win-core-processthreads-l1-1-0.dll
0x000001b179b60000 - 0x000001b179b63000 	M:\Apps\javafx-sdk-20.0.1\bin\api-ms-win-core-processthreads-l1-1-1.dll
0x000001b179b70000 - 0x000001b179b73000 	M:\Apps\javafx-sdk-20.0.1\bin\api-ms-win-core-profile-l1-1-0.dll
0x000001b179b80000 - 0x000001b179b83000 	M:\Apps\javafx-sdk-20.0.1\bin\api-ms-win-core-rtlsupport-l1-1-0.dll
0x000001b179b90000 - 0x000001b179b93000 	M:\Apps\javafx-sdk-20.0.1\bin\api-ms-win-core-string-l1-1-0.dll
0x000001b179ba0000 - 0x000001b179ba3000 	M:\Apps\javafx-sdk-20.0.1\bin\api-ms-win-core-synch-l1-1-0.dll
0x000001b179bb0000 - 0x000001b179bb3000 	M:\Apps\javafx-sdk-20.0.1\bin\api-ms-win-core-synch-l1-2-0.dll
0x000001b179bc0000 - 0x000001b179bc3000 	M:\Apps\javafx-sdk-20.0.1\bin\api-ms-win-core-sysinfo-l1-1-0.dll
0x000001b179bd0000 - 0x000001b179bd3000 	M:\Apps\javafx-sdk-20.0.1\bin\api-ms-win-core-timezone-l1-1-0.dll
0x000001b179be0000 - 0x000001b179be3000 	M:\Apps\javafx-sdk-20.0.1\bin\api-ms-win-core-util-l1-1-0.dll
0x000001b179bf0000 - 0x000001b179bf3000 	M:\Apps\javafx-sdk-20.0.1\bin\api-ms-win-crt-conio-l1-1-0.dll
0x000001b17a800000 - 0x000001b17a804000 	M:\Apps\javafx-sdk-20.0.1\bin\api-ms-win-crt-convert-l1-1-0.dll
0x000001b17a810000 - 0x000001b17a813000 	M:\Apps\javafx-sdk-20.0.1\bin\api-ms-win-crt-environment-l1-1-0.dll
0x000001b17a820000 - 0x000001b17a823000 	M:\Apps\javafx-sdk-20.0.1\bin\api-ms-win-crt-filesystem-l1-1-0.dll
0x000001b17a830000 - 0x000001b17a833000 	M:\Apps\javafx-sdk-20.0.1\bin\api-ms-win-crt-heap-l1-1-0.dll
0x000001b17a840000 - 0x000001b17a843000 	M:\Apps\javafx-sdk-20.0.1\bin\api-ms-win-crt-locale-l1-1-0.dll
0x000001b17a850000 - 0x000001b17a855000 	M:\Apps\javafx-sdk-20.0.1\bin\api-ms-win-crt-math-l1-1-0.dll
0x000001b17a860000 - 0x000001b17a865000 	M:\Apps\javafx-sdk-20.0.1\bin\api-ms-win-crt-multibyte-l1-1-0.dll
0x000001b17a870000 - 0x000001b17a880000 	M:\Apps\javafx-sdk-20.0.1\bin\api-ms-win-crt-private-l1-1-0.dll
0x000001b17a880000 - 0x000001b17a883000 	M:\Apps\javafx-sdk-20.0.1\bin\api-ms-win-crt-process-l1-1-0.dll
0x000001b17a890000 - 0x000001b17a894000 	M:\Apps\javafx-sdk-20.0.1\bin\api-ms-win-crt-runtime-l1-1-0.dll
0x000001b17a8a0000 - 0x000001b17a8a4000 	M:\Apps\javafx-sdk-20.0.1\bin\api-ms-win-crt-stdio-l1-1-0.dll
0x000001b17a8b0000 - 0x000001b17a8b4000 	M:\Apps\javafx-sdk-20.0.1\bin\api-ms-win-crt-string-l1-1-0.dll
0x000001b17a8c0000 - 0x000001b17a8c3000 	M:\Apps\javafx-sdk-20.0.1\bin\api-ms-win-crt-time-l1-1-0.dll
0x000001b17a8d0000 - 0x000001b17a8d3000 	M:\Apps\javafx-sdk-20.0.1\bin\api-ms-win-crt-utility-l1-1-0.dll
0x00007ffb00600000 - 0x00007ffb006fc000 	M:\Apps\javafx-sdk-20.0.1\bin\ucrtbase.dll
0x00007ffb31650000 - 0x00007ffb3166b000 	M:\Apps\javafx-sdk-20.0.1\bin\vcruntime140.dll
0x00007ffb38f70000 - 0x00007ffb38f7c000 	M:\Apps\javafx-sdk-20.0.1\bin\vcruntime140_1.dll
0x00007ffb0bfa0000 - 0x00007ffb0c02e000 	M:\Apps\javafx-sdk-20.0.1\bin\msvcp140.dll
0x00007ffb37050000 - 0x00007ffb37059000 	M:\Apps\javafx-sdk-20.0.1\bin\msvcp140_1.dll
0x00007ffb0fe10000 - 0x00007ffb0fe40000 	M:\Apps\javafx-sdk-20.0.1\bin\msvcp140_2.dll
0x00007ffb0f6f0000 - 0x00007ffb0f71f000 	M:\Apps\javafx-sdk-20.0.1\bin\prism_d3d.dll
0x00007ffb2c200000 - 0x00007ffb2c3cd000 	C:\Windows\system32\d3d9.dll
0x00007ffb3ce60000 - 0x00007ffb3ce8f000 	C:\Windows\SYSTEM32\dwmapi.dll
0x00007ffb3ca00000 - 0x00007ffb3ca9e000 	C:\Windows\system32\uxtheme.dll
0x00007ffb36e40000 - 0x00007ffb3701b000 	C:\Windows\System32\DriverStore\FileRepository\u0365645.inf_amd64_6ea274c917f5f2dc\B365437\aticfx64.dll
0x00007ffb0edd0000 - 0x00007ffb0ee03000 	C:\Windows\System32\DriverStore\FileRepository\u0365645.inf_amd64_6ea274c917f5f2dc\B365437\atiu9p64.dll
0x00007ffad7e90000 - 0x00007ffad8b9c000 	C:\Windows\System32\DriverStore\FileRepository\u0365645.inf_amd64_6ea274c917f5f2dc\B365437\atiumd64.dll
0x00007ffb40e00000 - 0x00007ffb40f2a000 	C:\Windows\System32\ole32.dll
0x000000005aa80000 - 0x000000005b940000 	C:\Windows\System32\DriverStore\FileRepository\u0365645.inf_amd64_6ea274c917f5f2dc\B365437\atiumd6a.dll
0x00007ffb3f630000 - 0x00007ffb3f657000 	C:\Windows\System32\bcrypt.dll
0x00007ffb3eaf0000 - 0x00007ffb3eb3b000 	C:\Windows\SYSTEM32\POWRPROF.dll
0x00007ffb3e9b0000 - 0x00007ffb3e9c2000 	C:\Windows\SYSTEM32\UMPDC.dll
0x00007ffb3a180000 - 0x00007ffb3a1af000 	C:\Windows\SYSTEM32\amdihk64.dll
0x00007ffb06960000 - 0x00007ffb069a2000 	M:\Apps\javafx-sdk-20.0.1\bin\glass.dll
0x00007ffb40f30000 - 0x00007ffb4100a000 	C:\Windows\System32\COMDLG32.dll
0x00007ffb41230000 - 0x00007ffb412fd000 	C:\Windows\System32\OLEAUT32.dll
0x00007ffb049a0000 - 0x00007ffb04ad8000 	C:\ProgramData\A-Volute\A-Volute.Nahimic\Modules\Scheduled\x64\AudioDevProps2.dll
0x00007ffb40490000 - 0x00007ffb405a4000 	C:\Windows\System32\MSCTF.dll
0x00007ffb3b490000 - 0x00007ffb3b4cb000 	C:\Windows\SYSTEM32\dxcore.dll
0x00007ffb3f570000 - 0x00007ffb3f5be000 	C:\Windows\System32\cfgmgr32.dll
0x00007ffb287d0000 - 0x00007ffb287e4000 	M:\Apps\javafx-sdk-20.0.1\bin\javafx_font.dll
0x00007ffb1e0c0000 - 0x00007ffb1e33f000 	C:\Windows\SYSTEM32\dwrite.dll
0x00007ffb41100000 - 0x00007ffb411a9000 	C:\Windows\System32\clbcatq.dll
0x00007ffb37440000 - 0x00007ffb375f4000 	C:\Windows\SYSTEM32\WindowsCodecs.dll
0x00007ffb2c3f0000 - 0x00007ffb2c42e000 	C:\Windows\system32\dataexchange.dll
0x00007ffb3bdb0000 - 0x00007ffb3bf93000 	C:\Windows\system32\dcomp.dll
0x00007ffb3bb40000 - 0x00007ffb3bda3000 	C:\Windows\system32\d3d11.dll
0x00007ffb3de30000 - 0x00007ffb3df23000 	C:\Windows\system32\dxgi.dll
0x00007ffb378e0000 - 0x00007ffb37ae0000 	C:\Windows\system32\twinapi.appcore.dll
0x00007ffb0c0c0000 - 0x00007ffb0c0f4000 	C:\Program Files\Common Files\Microsoft Shared\Ink\rtscom.dll
0x00007ffb2e5c0000 - 0x00007ffb2e6ba000 	C:\Windows\SYSTEM32\textinputframework.dll
0x00007ffb3c320000 - 0x00007ffb3c67e000 	C:\Windows\System32\CoreUIComponents.dll
0x00007ffb3c680000 - 0x00007ffb3c772000 	C:\Windows\System32\CoreMessaging.dll
0x00007ffb3e700000 - 0x00007ffb3e733000 	C:\Windows\SYSTEM32\ntmarta.dll
0x00007ffb3acb0000 - 0x00007ffb3ae04000 	C:\Windows\SYSTEM32\wintypes.dll

dbghelp: loaded successfully - version: 4.0.5 - missing functions: none
symbol engine: initialized successfully - sym options: 0x614 - pdb path: .;C:\Users\IP3\AppData\Local\Programs\Eclipse Adoptium\jdk-17.0.6.10-hotspot\bin;C:\Windows\SYSTEM32;C:\Windows\WinSxS\amd64_microsoft.windows.common-controls_6595b64144ccf1df_6.0.19041.1110_none_60b5254171f9507e;C:\Users\IP3\AppData\Local\Programs\Eclipse Adoptium\jdk-17.0.6.10-hotspot\bin\server;M:\Apps\javafx-sdk-20.0.1\bin;C:\Windows\System32\DriverStore\FileRepository\u0365645.inf_amd64_6ea274c917f5f2dc\B365437;C:\ProgramData\A-Volute\A-Volute.Nahimic\Modules\Scheduled\x64;C:\Program Files\Common Files\Microsoft Shared\Ink

VM Arguments:
jvm_args: -XX:+ShowCodeDetailsInExceptionMessages 
java_command: Main
java_class_path (initial): C:\Users\IP3\AppData\Roaming\Code\User\workspaceStorage\f3216883578ed389fb5cd8d746dbc5ea\redhat.java\jdt_ws\Advanced-Prog.-Project_9066841d\bin;m:\Apps\javafx-sdk-20.0.1\lib\javafx.swing.jar;m:\Apps\javafx-sdk-20.0.1\lib\javafx.fxml.jar;m:\Apps\javafx-sdk-20.0.1\lib\javafx.web.jar;m:\Apps\javafx-sdk-20.0.1\lib\javafx-swt.jar;m:\Apps\javafx-sdk-20.0.1\lib\javafx.controls.jar;m:\Apps\javafx-sdk-20.0.1\lib\javafx.base.jar;m:\Apps\javafx-sdk-20.0.1\lib\javafx.graphics.jar;m:\Apps\javafx-sdk-20.0.1\lib\javafx.media.jar
Launcher Type: SUN_STANDARD

[Global flags]
     intx CICompilerCount                          = 4                                         {product} {ergonomic}
     uint ConcGCThreads                            = 3                                         {product} {ergonomic}
     uint G1ConcRefinementThreads                  = 10                                        {product} {ergonomic}
   size_t G1HeapRegionSize                         = 2097152                                   {product} {ergonomic}
    uintx GCDrainStackTargetSize                   = 64                                        {product} {ergonomic}
   size_t InitialHeapSize                          = 232783872                                 {product} {ergonomic}
   size_t MarkStackSize                            = 4194304                                   {product} {ergonomic}
   size_t MaxHeapSize                              = 3720347648                                {product} {ergonomic}
   size_t MaxNewSize                               = 2231369728                                {product} {ergonomic}
   size_t MinHeapDeltaBytes                        = 2097152                                   {product} {ergonomic}
   size_t MinHeapSize                              = 8388608                                   {product} {ergonomic}
    uintx NonNMethodCodeHeapSize                   = 5839372                                {pd product} {ergonomic}
    uintx NonProfiledCodeHeapSize                  = 122909434                              {pd product} {ergonomic}
    uintx ProfiledCodeHeapSize                     = 122909434                              {pd product} {ergonomic}
    uintx ReservedCodeCacheSize                    = 251658240                              {pd product} {ergonomic}
     bool SegmentedCodeCache                       = true                                      {product} {ergonomic}
     bool ShowCodeDetailsInExceptionMessages       = true                                   {manageable} {command line}
   size_t SoftMaxHeapSize                          = 3720347648                             {manageable} {ergonomic}
     bool UseCompressedClassPointers               = true                           {product lp64_product} {ergonomic}
     bool UseCompressedOops                        = true                           {product lp64_product} {ergonomic}
     bool UseG1GC                                  = true                                      {product} {ergonomic}
     bool UseLargePagesIndividualAllocation        = false                                  {pd product} {ergonomic}

Logging:
Log output configuration:
 #0: stdout all=off uptime,level,tags
 #1: stderr all=off uptime,level,tags

Environment Variables:
JAVA_HOME=C:\Users\IP3\AppData\Local\Programs\Eclipse Adoptium\jdk-17.0.6.10-hotspot\
PATH=C:\Python311\Scripts\;C:\Python311\;C:\Windows\system32;C:\Windows;C:\Windows\System32\Wbem;C:\Windows\System32\WindowsPowerShell\v1.0\;C:\Windows\System32\OpenSSH\;C:\Program Files (x86)\NVIDIA Corporation\PhysX\Common;C:\Program Files\NVIDIA Corporation\NVIDIA NvDLISR;C:\Windows\system32;C:\Windows;C:\Windows\System32\Wbem;C:\Windows\System32\WindowsPowerShell\v1.0\;C:\Windows\System32\OpenSSH\;C:\Program Files\dotnet\;C:\Program Files\Microsoft SQL Server\150\Tools\Binn\;M:\Apps\Java JDK-19\bin;C:\ProgramData\chocolatey\bin;M:\Apps\NodeJs\;M:\Apps\javafx-sdk-20.0.1\bin;M:\Apps\Git\Git\cmd;C:\Users\IP3\AppData\Local\Programs\Eclipse Adoptium\jdk-17.0.6.10-hotspot\bin;C:\Users\IP3\AppData\Local\Microsoft\WindowsApps;M:\Apps\dart-sdk;C:\dart-sdk;C:\Dart\dart-sdk\bin;C:\Flutter\flutter\bin;C:\Users\IP3\AppData\Local\GitHubDesktop\bin;M:\Apps\VS Code\Microsoft VS Code\bin;M:\Apps\GIT c\Git\bin;C:\Users\IP3\AppData\Roaming\npm;C:\tools\dart-sdk\bin;C:\Users\IP3\AppData\Roaming\Pub\Cache\bin;;M:\Apps\Temp_intellij\IntelliJ IDEA 2022.2\bin;
USERNAME=IP3
LANG=en_US.UTF-8
OS=Windows_NT
PROCESSOR_IDENTIFIER=AMD64 Family 25 Model 80 Stepping 0, AuthenticAMD
TMP=C:\Users\IP3\AppData\Local\Temp
TEMP=C:\Users\IP3\AppData\Local\Temp



---------------  S Y S T E M  ---------------

OS:
 Windows 10 , 64 bit Build 19041 (10.0.19041.2913)
OS uptime: 5 days 10:10 hours

CPU: total 12 (initial active 12) (12 cores per cpu, 2 threads per core) family 25 model 80 stepping 0 microcode 0x0, cx8, cmov, fxsr, ht, mmx, 3dnowpref, sse, sse2, sse3, ssse3, sse4a, sse4.1, sse4.2, popcnt, lzcnt, tsc, tscinvbit, avx, avx2, aes, erms, clmul, bmi1, bmi2, adx, sha, fma, vzeroupper, clflush, clflushopt

Memory: 4k page, system-wide physical 14188M (2013M free)
TotalPageFile size 24428M (AvailPageFile size 4922M)
current process WorkingSet (physical memory assigned to process): 129M, peak: 139M
current process commit charge ("private bytes"): 389M, peak: 403M

vm_info: OpenJDK 64-Bit Server VM (17.0.6+10) for windows-amd64 JRE (17.0.6+10), built on Jan 18 2023 10:08:59 by "temurin" with MS VC++ 16.7 (VS2019)

END.
